Running trials for n = 300, p = 500, m = 10
Cross validating alpha under noise level:  0.02
Trial:  0  Best params:  {'atom_bag_percent': 0.9, 'signal_bag_percent': 0.8, 'best_bag': 1, 'best_k': 90}  Lowest CV Error:  0.00228604758137702  Training Error:  0.0003252628040717298  Testing Error:  0.0009302914211656643
Trial:  1  Best params:  {'atom_bag_percent': 0.8, 'signal_bag_percent': 0.7, 'best_bag': 100, 'best_k': 100}  Lowest CV Error:  0.0012357652385808862  Training Error:  0.0002233199040627347  Testing Error:  0.0006758578139000541
Trial:  2  Best params:  {'atom_bag_percent': 0.9, 'signal_bag_percent': 0.7, 'best_bag': 300, 'best_k': 100}  Lowest CV Error:  0.0014866706650050999  Training Error:  0.00020985415418906236  Testing Error:  0.0010975445967618322
Trial:  3  Best params:  {'atom_bag_percent': 0.9, 'signal_bag_percent': 0.7, 'best_bag': 300, 'best_k': 100}  Lowest CV Error:  0.002163862291756104  Training Error:  0.0003063442589857298  Testing Error:  0.0014455071417575206
Trial:  4  Best params:  {'atom_bag_percent': 0.7, 'signal_bag_percent': 0.7, 'best_bag': 200, 'best_k': 40}  Lowest CV Error:  0.006312965229453802  Training Error:  0.001397457278457314  Testing Error:  0.004415178377843912
Trial:  5  Best params:  {'atom_bag_percent': 0.9, 'signal_bag_percent': 0.7, 'best_bag': 100, 'best_k': 100}  Lowest CV Error:  0.001157814163051025  Training Error:  0.00022038724003248502  Testing Error:  0.0008357819026516913
Trial:  6  Best params:  {'atom_bag_percent': 0.9, 'signal_bag_percent': 0.7, 'best_bag': 300, 'best_k': 100}  Lowest CV Error:  0.0013907597453036377  Training Error:  0.0003118170319815954  Testing Error:  0.0010721045183792073
Trial:  7  Best params:  {'atom_bag_percent': 0.9, 'signal_bag_percent': 0.7, 'best_bag': 50, 'best_k': 100}  Lowest CV Error:  0.01694993872852983  Training Error:  0.00044209768089783884  Testing Error:  0.002187036820763358
Trial:  8  Best params:  {'atom_bag_percent': 0.8, 'signal_bag_percent': 0.9, 'best_bag': 300, 'best_k': 10}  Lowest CV Error:  0.0006973606664605843  Training Error:  0.0005705694867270956  Testing Error:  0.0007441309266739641
Trial:  9  Best params:  {'atom_bag_percent': 0.9, 'signal_bag_percent': 0.7, 'best_bag': 200, 'best_k': 100}  Lowest CV Error:  0.002313647178479505  Training Error:  0.00030818924920464824  Testing Error:  0.0013136357222011332
Noise level:  0.02  Lowest CV Error:  0.0035994831487997495  Training Error:  0.00043152990886102344  Testing Error:  0.0014717069242098338
Cross validating alpha under noise level:  0.04
Trial:  0  Best params:  {'atom_bag_percent': 0.9, 'signal_bag_percent': 0.8, 'best_bag': 200, 'best_k': 100}  Lowest CV Error:  0.0045381017096466315  Training Error:  0.000849179141671675  Testing Error:  0.0035471033629889946
Trial:  1  Best params:  {'atom_bag_percent': 0.9, 'signal_bag_percent': 0.7, 'best_bag': 300, 'best_k': 100}  Lowest CV Error:  0.0025950846523575826  Training Error:  0.0004552026945077796  Testing Error:  0.0019015290714897923
Trial:  2  Best params:  {'atom_bag_percent': 0.5, 'signal_bag_percent': 0.8, 'best_bag': 100, 'best_k': 10}  Lowest CV Error:  0.003189410939049768  Training Error:  0.0021062326355500414  Testing Error:  0.0031761148186642612
Trial:  3  Best params:  {'atom_bag_percent': 0.9, 'signal_bag_percent': 0.7, 'best_bag': 300, 'best_k': 100}  Lowest CV Error:  0.004888083857154861  Training Error:  0.000778926769177271  Testing Error:  0.003083635268296875
Trial:  4  Best params:  {'atom_bag_percent': 0.5, 'signal_bag_percent': 0.8, 'best_bag': 100, 'best_k': 10}  Lowest CV Error:  0.0077704518285310635  Training Error:  0.003742070374886187  Testing Error:  0.008499954592446155
Trial:  5  Best params:  {'atom_bag_percent': 0.9, 'signal_bag_percent': 0.7, 'best_bag': 100, 'best_k': 100}  Lowest CV Error:  0.0029733987168011986  Training Error:  0.0005759251703781905  Testing Error:  0.0020982290308029527
Trial:  6  Best params:  {'atom_bag_percent': 0.9, 'signal_bag_percent': 0.7, 'best_bag': 300, 'best_k': 100}  Lowest CV Error:  0.0035395892086452383  Training Error:  0.0007791240368958065  Testing Error:  0.0031143506660905986
Trial:  7  Best params:  {'atom_bag_percent': 0.9, 'signal_bag_percent': 0.7, 'best_bag': 50, 'best_k': 100}  Lowest CV Error:  0.005055496651979068  Training Error:  0.0009378818713241169  Testing Error:  0.004584597332845842
Trial:  8  Best params:  {'atom_bag_percent': 0.9, 'signal_bag_percent': 0.7, 'best_bag': 200, 'best_k': 100}  Lowest CV Error:  0.003179616432834583  Training Error:  0.0005608695205908468  Testing Error:  0.003004984612797758
Trial:  9  Best params:  {'atom_bag_percent': 0.9, 'signal_bag_percent': 0.7, 'best_bag': 100, 'best_k': 100}  Lowest CV Error:  0.005057943726817309  Training Error:  0.0008022093518745673  Testing Error:  0.003742868945738109
Noise level:  0.04  Lowest CV Error:  0.004278717772381731  Training Error:  0.0011587621566856482  Testing Error:  0.003675336770216134
Cross validating alpha under noise level:  0.06
Trial:  0  Best params:  {'atom_bag_percent': 0.9, 'signal_bag_percent': 0.7, 'best_bag': 200, 'best_k': 100}  Lowest CV Error:  0.00821534614454694  Training Error:  0.0015453094041727917  Testing Error:  0.007389201143121904
Trial:  1  Best params:  {'atom_bag_percent': 0.9, 'signal_bag_percent': 0.7, 'best_bag': 300, 'best_k': 100}  Lowest CV Error:  0.005312038674481946  Training Error:  0.000943369730468985  Testing Error:  0.004296316819094331
Trial:  2  Best params:  {'atom_bag_percent': 0.5, 'signal_bag_percent': 0.8, 'best_bag': 100, 'best_k': 20}  Lowest CV Error:  0.005772907438099863  Training Error:  0.0034507061112116514  Testing Error:  0.006951019903168401
Trial:  3  Best params:  {'atom_bag_percent': 0.9, 'signal_bag_percent': 0.7, 'best_bag': 300, 'best_k': 100}  Lowest CV Error:  0.009179746039162865  Training Error:  0.001486649344328047  Testing Error:  0.005901664030658613
Trial:  4  Best params:  {'atom_bag_percent': 0.9, 'signal_bag_percent': 0.7, 'best_bag': 300, 'best_k': 100}  Lowest CV Error:  0.008140350056515495  Training Error:  0.001214336020608393  Testing Error:  0.008142751160304516
Trial:  5  Best params:  {'atom_bag_percent': 0.8, 'signal_bag_percent': 0.7, 'best_bag': 300, 'best_k': 100}  Lowest CV Error:  0.006231612356409161  Training Error:  0.0010094679540762197  Testing Error:  0.004241085753344625
Trial:  6  Best params:  {'atom_bag_percent': 0.5, 'signal_bag_percent': 0.8, 'best_bag': 50, 'best_k': 10}  Lowest CV Error:  0.005950627152493029  Training Error:  0.0049337080029809395  Testing Error:  0.00737622371531323
Trial:  7  Best params:  {'atom_bag_percent': 0.9, 'signal_bag_percent': 0.7, 'best_bag': 50, 'best_k': 100}  Lowest CV Error:  0.00956764494687132  Training Error:  0.0016689594917469195  Testing Error:  0.008190654326259903
Trial:  8  Best params:  {'atom_bag_percent': 0.9, 'signal_bag_percent': 0.7, 'best_bag': 200, 'best_k': 100}  Lowest CV Error:  0.00624803279961148  Training Error:  0.0010920301694371203  Testing Error:  0.0061771190777237545
Trial:  9  Best params:  {'atom_bag_percent': 0.9, 'signal_bag_percent': 0.8, 'best_bag': 200, 'best_k': 100}  Lowest CV Error:  0.00923187042483139  Training Error:  0.0016508107419479826  Testing Error:  0.007255795055146392
Noise level:  0.06  Lowest CV Error:  0.007385017603302349  Training Error:  0.001899534697097905  Testing Error:  0.006592183098413568
Cross validating alpha under noise level:  0.08
Trial:  0  Best params:  {'atom_bag_percent': 0.9, 'signal_bag_percent': 0.7, 'best_bag': 200, 'best_k': 100}  Lowest CV Error:  0.014287647555429628  Training Error:  0.002506258767394191  Testing Error:  0.01269300069430179
Trial:  1  Best params:  {'atom_bag_percent': 0.9, 'signal_bag_percent': 0.7, 'best_bag': 300, 'best_k': 100}  Lowest CV Error:  0.009308783647185974  Training Error:  0.0015883433936930173  Testing Error:  0.007405443749337833
Trial:  2  Best params:  {'atom_bag_percent': 0.9, 'signal_bag_percent': 0.7, 'best_bag': 300, 'best_k': 100}  Lowest CV Error:  0.011129394833113853  Training Error:  0.002180723687717754  Testing Error:  0.011247982141015826
Trial:  3  Best params:  {'atom_bag_percent': 0.9, 'signal_bag_percent': 0.7, 'best_bag': 300, 'best_k': 100}  Lowest CV Error:  0.014698743868648478  Training Error:  0.0023539535136920227  Testing Error:  0.00984998015173477
Trial:  4  Best params:  {'atom_bag_percent': 0.9, 'signal_bag_percent': 0.8, 'best_bag': 200, 'best_k': 100}  Lowest CV Error:  0.013204166033388387  Training Error:  0.0020245382710999296  Testing Error:  0.013335890599176533
Trial:  5  Best params:  {'atom_bag_percent': 0.8, 'signal_bag_percent': 0.7, 'best_bag': 300, 'best_k': 100}  Lowest CV Error:  0.010080955292536022  Training Error:  0.00154788638015911  Testing Error:  0.0066306032782048
Trial:  6  Best params:  {'atom_bag_percent': 0.5, 'signal_bag_percent': 0.7, 'best_bag': 300, 'best_k': 10}  Lowest CV Error:  0.008960766461369748  Training Error:  0.006618830531699371  Testing Error:  0.01018668504743456
Trial:  7  Best params:  {'atom_bag_percent': 0.9, 'signal_bag_percent': 0.7, 'best_bag': 300, 'best_k': 100}  Lowest CV Error:  0.01390459988725678  Training Error:  0.0026668697328074017  Testing Error:  0.013042242718195032
Trial:  8  Best params:  {'atom_bag_percent': 0.5, 'signal_bag_percent': 0.8, 'best_bag': 300, 'best_k': 10}  Lowest CV Error:  0.009362632335470427  Training Error:  0.005183489023492282  Testing Error:  0.008091457244496603
Trial:  9  Best params:  {'atom_bag_percent': 0.5, 'signal_bag_percent': 0.9, 'best_bag': 200, 'best_k': 10}  Lowest CV Error:  0.013530177465079493  Training Error:  0.008148209227704727  Testing Error:  0.015184658486333111
Noise level:  0.08  Lowest CV Error:  0.011846786737947878  Training Error:  0.0034819102529459805  Testing Error:  0.010766794411023085
Cross validating alpha under noise level:  0.1
Trial:  0  Best params:  {'atom_bag_percent': 0.5, 'signal_bag_percent': 0.8, 'best_bag': 100, 'best_k': 60}  Lowest CV Error:  0.02003082579205599  Training Error:  0.009601592527722521  Testing Error:  0.026629356297235555
Trial:  1  Best params:  {'atom_bag_percent': 0.8, 'signal_bag_percent': 0.7, 'best_bag': 300, 'best_k': 100}  Lowest CV Error:  0.01420648181503303  Training Error:  0.0020905624357918187  Testing Error:  0.011511331902510306
Trial:  2  Best params:  {'atom_bag_percent': 0.5, 'signal_bag_percent': 0.7, 'best_bag': 100, 'best_k': 30}  Lowest CV Error:  0.017340303852230156  Training Error:  0.006459518069300904  Testing Error:  0.01669413857036055
Trial:  3  Best params:  {'atom_bag_percent': 0.9, 'signal_bag_percent': 0.7, 'best_bag': 200, 'best_k': 100}  Lowest CV Error:  0.02159531581062227  Training Error:  0.0033971538558936272  Testing Error:  0.015546943723933107
Trial:  4  Best params:  {'atom_bag_percent': 0.9, 'signal_bag_percent': 0.7, 'best_bag': 300, 'best_k': 100}  Lowest CV Error:  0.018014081832098527  Training Error:  0.0028772475129640466  Testing Error:  0.020158534425740574
Trial:  5  Best params:  {'atom_bag_percent': 0.9, 'signal_bag_percent': 0.8, 'best_bag': 300, 'best_k': 100}  Lowest CV Error:  0.014690802732625654  Training Error:  0.002418308917758368  Testing Error:  0.009348040562744494
Trial:  6  Best params:  {'atom_bag_percent': 0.5, 'signal_bag_percent': 0.8, 'best_bag': 50, 'best_k': 10}  Lowest CV Error:  0.013573745186379365  Training Error:  0.01003253061052159  Testing Error:  0.01704445149772983
Trial:  7  Best params:  {'atom_bag_percent': 0.9, 'signal_bag_percent': 0.7, 'best_bag': 300, 'best_k': 100}  Lowest CV Error:  0.020593345942645815  Training Error:  0.003849596317917861  Testing Error:  0.019136845602859682
Trial:  8  Best params:  {'atom_bag_percent': 0.9, 'signal_bag_percent': 0.7, 'best_bag': 300, 'best_k': 100}  Lowest CV Error:  0.015835293778322056  Training Error:  0.0026270839427299715  Testing Error:  0.016133388375105136
Trial:  9  Best params:  {'atom_bag_percent': 0.5, 'signal_bag_percent': 0.9, 'best_bag': 100, 'best_k': 20}  Lowest CV Error:  0.019538374975122078  Training Error:  0.010479605365903177  Testing Error:  0.021928291100692346
Noise level:  0.1  Lowest CV Error:  0.01754185717171349  Training Error:  0.005383319955650388  Testing Error:  0.017413132205891156
Running trials for n = 300, p = 500, m = 20
Cross validating alpha under noise level:  0.02
Trial:  0  Best params:  {'atom_bag_percent': 0.9, 'signal_bag_percent': 0.7, 'best_bag': 300, 'best_k': 100}  Lowest CV Error:  0.00756624016896329  Training Error:  0.0009912240579816813  Testing Error:  0.007082513823767711
Trial:  1  Best params:  {'atom_bag_percent': 0.9, 'signal_bag_percent': 0.7, 'best_bag': 300, 'best_k': 100}  Lowest CV Error:  0.005460926543010296  Training Error:  0.0006057992688545005  Testing Error:  0.0024930336424233757
Trial:  2  Best params:  {'atom_bag_percent': 0.9, 'signal_bag_percent': 0.7, 'best_bag': 50, 'best_k': 100}  Lowest CV Error:  0.007886322717747876  Training Error:  0.0009532717740765703  Testing Error:  0.005571808573798655
Trial:  3  Best params:  {'atom_bag_percent': 0.9, 'signal_bag_percent': 0.7, 'best_bag': 300, 'best_k': 100}  Lowest CV Error:  0.003842204086506204  Training Error:  0.0005178260910926027  Testing Error:  0.002754065844167602
Trial:  4  Best params:  {'atom_bag_percent': 0.9, 'signal_bag_percent': 0.9, 'best_bag': 200, 'best_k': 200}  Lowest CV Error:  0.007721346047499319  Training Error:  0.0005498039386692632  Testing Error:  0.004011485080949156
Trial:  5  Best params:  {'atom_bag_percent': 0.9, 'signal_bag_percent': 0.8, 'best_bag': 300, 'best_k': 100}  Lowest CV Error:  0.005478285082643757  Training Error:  0.0009231938668988367  Testing Error:  0.003882990547607601
Trial:  6  Best params:  {'atom_bag_percent': 0.9, 'signal_bag_percent': 0.8, 'best_bag': 300, 'best_k': 100}  Lowest CV Error:  0.006199976736735722  Training Error:  0.0010213601107560686  Testing Error:  0.004671700541485562
Trial:  7  Best params:  {'atom_bag_percent': 0.9, 'signal_bag_percent': 0.7, 'best_bag': 300, 'best_k': 100}  Lowest CV Error:  0.011181213591009157  Training Error:  0.0016183428688075173  Testing Error:  0.00942094507558527
Trial:  8  Best params:  {'atom_bag_percent': 0.9, 'signal_bag_percent': 0.9, 'best_bag': 300, 'best_k': 200}  Lowest CV Error:  0.004575200325551464  Training Error:  0.00047194838549930487  Testing Error:  0.0026756844322294573
Trial:  9  Best params:  {'atom_bag_percent': 0.8, 'signal_bag_percent': 0.7, 'best_bag': 200, 'best_k': 100}  Lowest CV Error:  0.0213791935130716  Training Error:  0.0033730590143750804  Testing Error:  0.020752114449118373
Noise level:  0.02  Lowest CV Error:  0.008129090881273868  Training Error:  0.0011025829377011426  Testing Error:  0.006331634201113276
Cross validating alpha under noise level:  0.04
Trial:  0  Best params:  {'atom_bag_percent': 0.9, 'signal_bag_percent': 0.9, 'best_bag': 300, 'best_k': 200}  Lowest CV Error:  0.008520111927034155  Training Error:  0.0008130789290364201  Testing Error:  0.011375947297382087
Trial:  1  Best params:  {'atom_bag_percent': 0.9, 'signal_bag_percent': 0.7, 'best_bag': 300, 'best_k': 100}  Lowest CV Error:  0.006699892565091503  Training Error:  0.0009956428657573292  Testing Error:  0.00393696086482442
Trial:  2  Best params:  {'atom_bag_percent': 0.9, 'signal_bag_percent': 0.8, 'best_bag': 300, 'best_k': 100}  Lowest CV Error:  0.009092287617630502  Training Error:  0.001433743561247889  Testing Error:  0.007140471779290076
Trial:  3  Best params:  {'atom_bag_percent': 0.9, 'signal_bag_percent': 0.7, 'best_bag': 300, 'best_k': 100}  Lowest CV Error:  0.00633460153370618  Training Error:  0.0009545422205688814  Testing Error:  0.004241450305218727
Trial:  4  Best params:  {'atom_bag_percent': 0.9, 'signal_bag_percent': 0.9, 'best_bag': 200, 'best_k': 200}  Lowest CV Error:  0.010187360273097447  Training Error:  0.0005701757671888688  Testing Error:  0.005202757674526161
Trial:  5  Best params:  {'atom_bag_percent': 0.9, 'signal_bag_percent': 0.7, 'best_bag': 300, 'best_k': 100}  Lowest CV Error:  0.007965153769209676  Training Error:  0.0012891100907171291  Testing Error:  0.004919667092973656
Trial:  6  Best params:  {'atom_bag_percent': 0.9, 'signal_bag_percent': 0.8, 'best_bag': 200, 'best_k': 100}  Lowest CV Error:  0.009033631807036705  Training Error:  0.0015579100703985499  Testing Error:  0.006780385814456179
Trial:  7  Best params:  {'atom_bag_percent': 0.9, 'signal_bag_percent': 0.7, 'best_bag': 300, 'best_k': 100}  Lowest CV Error:  0.013114671854526559  Training Error:  0.0020190708898383813  Testing Error:  0.012163209988848754
Trial:  8  Best params:  {'atom_bag_percent': 0.9, 'signal_bag_percent': 0.9, 'best_bag': 300, 'best_k': 200}  Lowest CV Error:  0.006805001851244904  Training Error:  0.0005144224854451313  Testing Error:  0.0049477357726456965
Trial:  9  Best params:  {'atom_bag_percent': 0.9, 'signal_bag_percent': 0.7, 'best_bag': 200, 'best_k': 100}  Lowest CV Error:  0.020218239338389253  Training Error:  0.003551426058587448  Testing Error:  0.01896856969216865
Noise level:  0.04  Lowest CV Error:  0.009797095253696689  Training Error:  0.001369912293878603  Testing Error:  0.007967715628233441
Cross validating alpha under noise level:  0.06
Trial:  0  Best params:  {'atom_bag_percent': 0.9, 'signal_bag_percent': 0.9, 'best_bag': 300, 'best_k': 200}  Lowest CV Error:  0.012877262960764838  Training Error:  0.0009280324660566895  Testing Error:  0.018176488524696967
Trial:  1  Best params:  {'atom_bag_percent': 0.9, 'signal_bag_percent': 0.7, 'best_bag': 300, 'best_k': 100}  Lowest CV Error:  0.01044693537919237  Training Error:  0.0016048385723901137  Testing Error:  0.006383744512553014
Trial:  2  Best params:  {'atom_bag_percent': 0.9, 'signal_bag_percent': 0.8, 'best_bag': 300, 'best_k': 100}  Lowest CV Error:  0.01269154462847705  Training Error:  0.0020876200562027583  Testing Error:  0.01027163819593704
Trial:  3  Best params:  {'atom_bag_percent': 0.9, 'signal_bag_percent': 0.7, 'best_bag': 300, 'best_k': 100}  Lowest CV Error:  0.010486849178171326  Training Error:  0.0016759211340174089  Testing Error:  0.007068889819554907
Trial:  4  Best params:  {'atom_bag_percent': 0.9, 'signal_bag_percent': 0.9, 'best_bag': 200, 'best_k': 200}  Lowest CV Error:  0.013894842607361135  Training Error:  0.000646132205721731  Testing Error:  0.0093946951459261
Trial:  5  Best params:  {'atom_bag_percent': 0.9, 'signal_bag_percent': 0.9, 'best_bag': 200, 'best_k': 200}  Lowest CV Error:  0.010647900833079333  Training Error:  0.00061069960781095  Testing Error:  0.009361829931247652
Trial:  6  Best params:  {'atom_bag_percent': 0.9, 'signal_bag_percent': 0.8, 'best_bag': 200, 'best_k': 100}  Lowest CV Error:  0.013539313873439282  Training Error:  0.002343856990206258  Testing Error:  0.010493531858561878
Trial:  7  Best params:  {'atom_bag_percent': 0.9, 'signal_bag_percent': 0.7, 'best_bag': 50, 'best_k': 100}  Lowest CV Error:  0.016251551399951082  Training Error:  0.002571467384181562  Testing Error:  0.0157693449632443
Trial:  8  Best params:  {'atom_bag_percent': 0.9, 'signal_bag_percent': 0.9, 'best_bag': 300, 'best_k': 200}  Lowest CV Error:  0.0104890694654552  Training Error:  0.0005533709786896946  Testing Error:  0.010243236714947304
Trial:  9  Best params:  {'atom_bag_percent': 0.9, 'signal_bag_percent': 0.7, 'best_bag': 200, 'best_k': 100}  Lowest CV Error:  0.02421501281681724  Training Error:  0.00426039348935123  Testing Error:  0.021926079464848255
Noise level:  0.06  Lowest CV Error:  0.013554028314270886  Training Error:  0.0017282332884628396  Testing Error:  0.011908947913151741
Cross validating alpha under noise level:  0.08
Trial:  0  Best params:  {'atom_bag_percent': 0.9, 'signal_bag_percent': 0.9, 'best_bag': 300, 'best_k': 200}  Lowest CV Error:  0.02226319476672008  Training Error:  0.0010246073427166375  Testing Error:  0.02709231700657008
Trial:  1  Best params:  {'atom_bag_percent': 0.9, 'signal_bag_percent': 0.8, 'best_bag': 200, 'best_k': 100}  Lowest CV Error:  0.016590082317459627  Training Error:  0.0025383364318106597  Testing Error:  0.009469993866501127
Trial:  2  Best params:  {'atom_bag_percent': 0.9, 'signal_bag_percent': 0.8, 'best_bag': 200, 'best_k': 100}  Lowest CV Error:  0.017688703877777275  Training Error:  0.0029622690258383415  Testing Error:  0.015063066898271266
Trial:  3  Best params:  {'atom_bag_percent': 0.9, 'signal_bag_percent': 0.7, 'best_bag': 300, 'best_k': 100}  Lowest CV Error:  0.016024703582181603  Training Error:  0.0026120832406089736  Testing Error:  0.010964110825642493
Trial:  4  Best params:  {'atom_bag_percent': 0.9, 'signal_bag_percent': 0.9, 'best_bag': 200, 'best_k': 200}  Lowest CV Error:  0.018822072684130383  Training Error:  0.0007048070674455856  Testing Error:  0.013171908473390366
Trial:  5  Best params:  {'atom_bag_percent': 0.9, 'signal_bag_percent': 0.8, 'best_bag': 300, 'best_k': 100}  Lowest CV Error:  0.014599616855799427  Training Error:  0.0028290646513000977  Testing Error:  0.01011290280295312
Trial:  6  Best params:  {'atom_bag_percent': 0.9, 'signal_bag_percent': 0.8, 'best_bag': 200, 'best_k': 100}  Lowest CV Error:  0.019724941096614552  Training Error:  0.003491269218031971  Testing Error:  0.016044195360190618
Trial:  7  Best params:  {'atom_bag_percent': 0.9, 'signal_bag_percent': 0.7, 'best_bag': 50, 'best_k': 100}  Lowest CV Error:  0.02144041859995604  Training Error:  0.0033518971872130107  Testing Error:  0.020266759127162044
Trial:  8  Best params:  {'atom_bag_percent': 0.9, 'signal_bag_percent': 0.8, 'best_bag': 300, 'best_k': 100}  Lowest CV Error:  0.015520589598760435  Training Error:  0.002263172311319158  Testing Error:  0.01499928514240409
Trial:  9  Best params:  {'atom_bag_percent': 0.9, 'signal_bag_percent': 0.8, 'best_bag': 200, 'best_k': 100}  Lowest CV Error:  0.029505342489313063  Training Error:  0.0054796815313410815  Testing Error:  0.02642126275154866
Noise level:  0.08  Lowest CV Error:  0.01921796658687125  Training Error:  0.002725718800762552  Testing Error:  0.016360580225463387
Cross validating alpha under noise level:  0.1
Trial:  0  Best params:  {'atom_bag_percent': 0.9, 'signal_bag_percent': 0.7, 'best_bag': 300, 'best_k': 100}  Lowest CV Error:  0.027865905628959138  Training Error:  0.0046350950305443315  Testing Error:  0.027127876727289384
Trial:  1  Best params:  {'atom_bag_percent': 0.9, 'signal_bag_percent': 0.7, 'best_bag': 300, 'best_k': 100}  Lowest CV Error:  0.02066802310154713  Training Error:  0.0034958445259443915  Testing Error:  0.014069956893271887
Trial:  2  Best params:  {'atom_bag_percent': 0.9, 'signal_bag_percent': 0.8, 'best_bag': 300, 'best_k': 100}  Lowest CV Error:  0.024276277661367997  Training Error:  0.004052074500261594  Testing Error:  0.02149487474100285
Trial:  3  Best params:  {'atom_bag_percent': 0.5, 'signal_bag_percent': 0.7, 'best_bag': 300, 'best_k': 40}  Lowest CV Error:  0.023512303323975366  Training Error:  0.00745300223627697  Testing Error:  0.016611091863757352
Trial:  4  Best params:  {'atom_bag_percent': 0.9, 'signal_bag_percent': 0.9, 'best_bag': 200, 'best_k': 200}  Lowest CV Error:  0.025815387589434503  Training Error:  0.0008512576196226765  Testing Error:  0.020258787658657757
Trial:  5  Best params:  {'atom_bag_percent': 0.9, 'signal_bag_percent': 0.8, 'best_bag': 200, 'best_k': 100}  Lowest CV Error:  0.019537556294661026  Training Error:  0.0037913289848199683  Testing Error:  0.01356816409562047
Trial:  6  Best params:  {'atom_bag_percent': 0.9, 'signal_bag_percent': 0.7, 'best_bag': 200, 'best_k': 100}  Lowest CV Error:  0.02706168828001724  Training Error:  0.0047776365506625035  Testing Error:  0.021922564720649476
Trial:  7  Best params:  {'atom_bag_percent': 0.9, 'signal_bag_percent': 0.7, 'best_bag': 50, 'best_k': 100}  Lowest CV Error:  0.027036282658285542  Training Error:  0.004381757604094839  Testing Error:  0.02600524229424682
Trial:  8  Best params:  {'atom_bag_percent': 0.9, 'signal_bag_percent': 0.8, 'best_bag': 300, 'best_k': 100}  Lowest CV Error:  0.021342000865336268  Training Error:  0.003184464882288373  Testing Error:  0.021656787279456864
Trial:  9  Best params:  {'atom_bag_percent': 0.9, 'signal_bag_percent': 0.8, 'best_bag': 200, 'best_k': 100}  Lowest CV Error:  0.03623185830437167  Training Error:  0.0066829208926594925  Testing Error:  0.032360017552919465
Noise level:  0.1  Lowest CV Error:  0.02533472837079559  Training Error:  0.0043305382827175136  Testing Error:  0.02150753638268723
Done!
Results are saved in:  ./memory/BOMP_300_500_1020_nr_0718_0718-205341.pkl
