Running trials for n = 300, p = 500, m = 10
Cross validating alpha under noise level:  0.02
Trial:  0  Best params:  {'best_k': 1}  Lowest Error:  0.025128325805353142  Testing Error:  0.02668277532127793
Trial:  1  Best params:  {'best_k': 1}  Lowest Error:  0.0065425580742214965  Testing Error:  0.005157889001248258
Trial:  2  Best params:  {'best_k': 1}  Lowest Error:  0.01032071251050763  Testing Error:  0.00922923069307875
Trial:  3  Best params:  {'best_k': 1}  Lowest Error:  0.014022431845261005  Testing Error:  0.017787749101878567
Trial:  4  Best params:  {'best_k': 1}  Lowest Error:  0.02060679689333602  Testing Error:  0.022797520158631394
Trial:  5  Best params:  {'best_k': 1}  Lowest Error:  0.00321371205196892  Testing Error:  0.0032924444537475147
Trial:  6  Best params:  {'best_k': 1}  Lowest Error:  0.032465607220662086  Testing Error:  0.023858368512557158
Trial:  7  Best params:  {'best_k': 1}  Lowest Error:  0.016682736538808956  Testing Error:  0.015231885918659503
Trial:  8  Best params:  {'best_k': 1}  Lowest Error:  0.014339092576465762  Testing Error:  0.01030515352615778
Trial:  9  Best params:  {'best_k': 1}  Lowest Error:  0.017351241300438608  Testing Error:  0.01766714122437613
Noise level:  0.02 Lowest CV error:  0.01606732148170236 Training error:  0.01541796501974787 Testing error:  0.015201015791161298
Cross validating alpha under noise level:  0.04
Trial:  0  Best params:  {'best_k': 1}  Lowest Error:  0.02666248667653328  Testing Error:  0.02922599216486186
Trial:  1  Best params:  {'best_k': 1}  Lowest Error:  0.007267300284445841  Testing Error:  0.005755220046585421
Trial:  2  Best params:  {'best_k': 1}  Lowest Error:  0.011901628154710936  Testing Error:  0.010865030420029415
Trial:  3  Best params:  {'best_k': 1}  Lowest Error:  0.015426465121244876  Testing Error:  0.019181147586897075
Trial:  4  Best params:  {'best_k': 1}  Lowest Error:  0.020955036329795583  Testing Error:  0.02397748939024407
Trial:  5  Best params:  {'best_k': 1}  Lowest Error:  0.004235971201040703  Testing Error:  0.004087941106794512
Trial:  6  Best params:  {'best_k': 1}  Lowest Error:  0.0346197745689723  Testing Error:  0.024507993616979012
Trial:  7  Best params:  {'best_k': 1}  Lowest Error:  0.018476304431343453  Testing Error:  0.016874180075416065
Trial:  8  Best params:  {'best_k': 1}  Lowest Error:  0.01576190349223305  Testing Error:  0.011630985929231471
Trial:  9  Best params:  {'best_k': 1}  Lowest Error:  0.01914027994858678  Testing Error:  0.018376596474925712
Noise level:  0.04 Lowest CV error:  0.01744471502089068 Training error:  0.016804887947446247 Testing error:  0.01644825768119646
Cross validating alpha under noise level:  0.06
Trial:  0  Best params:  {'best_k': 1}  Lowest Error:  0.029054882813154527  Testing Error:  0.0325096235003129
Trial:  1  Best params:  {'best_k': 1}  Lowest Error:  0.009037879802634716  Testing Error:  0.006970862616725113
Trial:  2  Best params:  {'best_k': 1}  Lowest Error:  0.014317308359160761  Testing Error:  0.013560182069597996
Trial:  3  Best params:  {'best_k': 1}  Lowest Error:  0.017651301332239792  Testing Error:  0.021256472609997936
Trial:  4  Best params:  {'best_k': 1}  Lowest Error:  0.02203073594533045  Testing Error:  0.02635162187620015
Trial:  5  Best params:  {'best_k': 1}  Lowest Error:  0.005983876283394941  Testing Error:  0.005483512035949089
Trial:  6  Best params:  {'best_k': 1}  Lowest Error:  0.03905056204965257  Testing Error:  0.025984038859378538
Trial:  7  Best params:  {'best_k': 1}  Lowest Error:  0.02110307167769807  Testing Error:  0.01926264541705142
Trial:  8  Best params:  {'best_k': 1}  Lowest Error:  0.017976396159064285  Testing Error:  0.013852709269066128
Trial:  9  Best params:  {'best_k': 1}  Lowest Error:  0.021773044126890295  Testing Error:  0.019984223304296608
Noise level:  0.06 Lowest CV error:  0.01979790585492204 Training error:  0.018987139793925495 Testing error:  0.01852158915585759
Cross validating alpha under noise level:  0.08
Trial:  0  Best params:  {'best_k': 1}  Lowest Error:  0.032305514215216866  Testing Error:  0.03653366932763104
Trial:  1  Best params:  {'best_k': 1}  Lowest Error:  0.011512117029749469  Testing Error:  0.00880481671166734
Trial:  2  Best params:  {'best_k': 1}  Lowest Error:  0.01756775312385711  Testing Error:  0.0173146856417845
Trial:  3  Best params:  {'best_k': 1}  Lowest Error:  0.020696940478245753  Testing Error:  0.024013724171181153
Trial:  4  Best params:  {'best_k': 1}  Lowest Error:  0.023833895739940616  Testing Error:  0.029919917616499613
Trial:  5  Best params:  {'best_k': 1}  Lowest Error:  0.008457427299031633  Testing Error:  0.007479157241211247
Trial:  6  Best params:  {'best_k': 1}  Lowest Error:  0.04306056403102028  Testing Error:  0.028286504239755726
Trial:  7  Best params:  {'best_k': 1}  Lowest Error:  0.024563038277872814  Testing Error:  0.02239728194356558
Trial:  8  Best params:  {'best_k': 1}  Lowest Error:  0.020982570576959465  Testing Error:  0.016970323545661765
Trial:  9  Best params:  {'best_k': 1}  Lowest Error:  0.02524953383534916  Testing Error:  0.022490021712488813
Noise level:  0.08 Lowest CV error:  0.02282293546072432 Training error:  0.021964720559185608 Testing error:  0.021421010215144677
Cross validating alpha under noise level:  0.1
Trial:  0  Best params:  {'best_k': 1}  Lowest Error:  0.036414380882720324  Testing Error:  0.04129812964681629
Trial:  1  Best params:  {'best_k': 1}  Lowest Error:  0.014690011965790107  Testing Error:  0.011257082331412092
Trial:  2  Best params:  {'best_k': 1}  Lowest Error:  0.021652962448799978  Testing Error:  0.022128541136588926
Trial:  3  Best params:  {'best_k': 1}  Lowest Error:  0.02456338255926275  Testing Error:  0.027452902270446722
Trial:  4  Best params:  {'best_k': 1}  Lowest Error:  0.02636451571362609  Testing Error:  0.03468237661114248
Trial:  5  Best params:  {'best_k': 1}  Lowest Error:  0.011656624247950784  Testing Error:  0.010074876722580981
Trial:  6  Best params:  {'best_k': 1}  Lowest Error:  0.04794280925005511  Testing Error:  0.04208453642498875
Trial:  7  Best params:  {'best_k': 1}  Lowest Error:  0.02885620423186768  Testing Error:  0.026278089654958533
Trial:  8  Best params:  {'best_k': 1}  Lowest Error:  0.024780426745918578  Testing Error:  0.02098382875901837
Trial:  9  Best params:  {'best_k': 1}  Lowest Error:  0.02956974907396336  Testing Error:  0.02589399169950233
Noise level:  0.1 Lowest CV error:  0.026649106711995475 Training error:  0.02572335482709262 Testing error:  0.026213435525745548
Running trials for n = 300, p = 500, m = 20
Cross validating alpha under noise level:  0.02
Trial:  0  Best params:  {'best_k': 1}  Lowest Error:  0.07313497453885566  Testing Error:  0.09786380151023427
Trial:  1  Best params:  {'best_k': 1}  Lowest Error:  0.03443623937374941  Testing Error:  0.03018043950766345
Trial:  2  Best params:  {'best_k': 1}  Lowest Error:  0.0429747251509732  Testing Error:  0.03398023069385691
Trial:  3  Best params:  {'best_k': 1}  Lowest Error:  0.01911237485593382  Testing Error:  0.02217167482949239
Trial:  4  Best params:  {'best_k': 1}  Lowest Error:  0.0537518274924856  Testing Error:  0.05694671262134711
Trial:  5  Best params:  {'best_k': 1}  Lowest Error:  0.02833387317364668  Testing Error:  0.026934820456582045
Trial:  6  Best params:  {'best_k': 1}  Lowest Error:  0.060792800928539135  Testing Error:  0.06058190667331724
Trial:  7  Best params:  {'best_k': 1}  Lowest Error:  0.04557169505392286  Testing Error:  0.052962030634711464
Trial:  8  Best params:  {'best_k': 1}  Lowest Error:  0.05039813889465167  Testing Error:  0.03882096049296679
Trial:  9  Best params:  {'best_k': 1}  Lowest Error:  0.05953712158859904  Testing Error:  0.08218155543260482
Noise level:  0.02 Lowest CV error:  0.04680437710513571 Training error:  0.04446911911302147 Testing error:  0.050262413285277655
Cross validating alpha under noise level:  0.04
Trial:  0  Best params:  {'best_k': 1}  Lowest Error:  0.0754757218365838  Testing Error:  0.09971864590131196
Trial:  1  Best params:  {'best_k': 1}  Lowest Error:  0.03353661013697794  Testing Error:  0.030725886009312288
Trial:  2  Best params:  {'best_k': 1}  Lowest Error:  0.045045226250035306  Testing Error:  0.04599750567981928
Trial:  3  Best params:  {'best_k': 1}  Lowest Error:  0.020246080603694976  Testing Error:  0.023506851931791077
Trial:  4  Best params:  {'best_k': 1}  Lowest Error:  0.05380170704730193  Testing Error:  0.05754638974839946
Trial:  5  Best params:  {'best_k': 1}  Lowest Error:  0.028845526276152916  Testing Error:  0.027247294049163356
Trial:  6  Best params:  {'best_k': 1}  Lowest Error:  0.06966972015106145  Testing Error:  0.06172303836884499
Trial:  7  Best params:  {'best_k': 1}  Lowest Error:  0.04729958515307288  Testing Error:  0.05552716407464206
Trial:  8  Best params:  {'best_k': 1}  Lowest Error:  0.052194055150821275  Testing Error:  0.03983305405129956
Trial:  9  Best params:  {'best_k': 1}  Lowest Error:  0.06118866830412776  Testing Error:  0.08228737006942193
Noise level:  0.04 Lowest CV error:  0.04873029009098302 Training error:  0.04597758854528643 Testing error:  0.052411319988400595
Cross validating alpha under noise level:  0.06
Trial:  0  Best params:  {'best_k': 1}  Lowest Error:  0.07867827348082111  Testing Error:  0.10230281898003149
Trial:  1  Best params:  {'best_k': 1}  Lowest Error:  0.035303763930601625  Testing Error:  0.031605964888596065
Trial:  2  Best params:  {'best_k': 1}  Lowest Error:  0.046782517109589965  Testing Error:  0.04948107955861011
Trial:  3  Best params:  {'best_k': 1}  Lowest Error:  0.022200589286467173  Testing Error:  0.025523955572172127
Trial:  4  Best params:  {'best_k': 1}  Lowest Error:  0.054585545485224096  Testing Error:  0.059338139336797276
Trial:  5  Best params:  {'best_k': 1}  Lowest Error:  0.030085408875498737  Testing Error:  0.028163354448634343
Trial:  6  Best params:  {'best_k': 1}  Lowest Error:  0.07453338314260191  Testing Error:  0.06368829775949773
Trial:  7  Best params:  {'best_k': 1}  Lowest Error:  0.04986067460604303  Testing Error:  0.05883846869945144
Trial:  8  Best params:  {'best_k': 1}  Lowest Error:  0.05477438462726886  Testing Error:  0.04174103854639332
Trial:  9  Best params:  {'best_k': 1}  Lowest Error:  0.06368394054981183  Testing Error:  0.08329135628506035
Noise level:  0.06 Lowest CV error:  0.05104884810939283 Training error:  0.0483015493472313 Testing error:  0.054397447407524425
Cross validating alpha under noise level:  0.08
Trial:  0  Best params:  {'best_k': 1}  Lowest Error:  0.0827426294715676  Testing Error:  0.1056163207463928
Trial:  1  Best params:  {'best_k': 1}  Lowest Error:  0.03763606747462439  Testing Error:  0.03298094543453745
Trial:  2  Best params:  {'best_k': 1}  Lowest Error:  0.0495457105720125  Testing Error:  0.05401097227814213
Trial:  3  Best params:  {'best_k': 1}  Lowest Error:  0.024975900904250413  Testing Error:  0.028222985750635532
Trial:  4  Best params:  {'best_k': 1}  Lowest Error:  0.056103342806252086  Testing Error:  0.062321961386540524
Trial:  5  Best params:  {'best_k': 1}  Lowest Error:  0.03205352097168415  Testing Error:  0.029683001654995003
Trial:  6  Best params:  {'best_k': 1}  Lowest Error:  0.07863828796492636  Testing Error:  0.0807575033546835
Trial:  7  Best params:  {'best_k': 1}  Lowest Error:  0.0532549634128333  Testing Error:  0.06289594450913963
Trial:  8  Best params:  {'best_k': 1}  Lowest Error:  0.05813912732399442  Testing Error:  0.039403523178726446
Trial:  9  Best params:  {'best_k': 1}  Lowest Error:  0.06702293832565125  Testing Error:  0.0851935140795201
Noise level:  0.08 Lowest CV error:  0.05401124892277964 Training error:  0.05124924022686818 Testing error:  0.05810866723733131
Cross validating alpha under noise level:  0.1
Trial:  0  Best params:  {'best_k': 1}  Lowest Error:  0.08766878980882326  Testing Error:  0.10965915120039596
Trial:  1  Best params:  {'best_k': 1}  Lowest Error:  0.03863158180506487  Testing Error:  0.034969552401042554
Trial:  2  Best params:  {'best_k': 1}  Lowest Error:  0.05402708957343207  Testing Error:  0.05958718383841536
Trial:  3  Best params:  {'best_k': 1}  Lowest Error:  0.028572015457044703  Testing Error:  0.03160394246718128
Trial:  4  Best params:  {'best_k': 1}  Lowest Error:  0.058355099010385915  Testing Error:  0.06649785589762923
Trial:  5  Best params:  {'best_k': 1}  Lowest Error:  0.03474986256470917  Testing Error:  0.03180623566824533
Trial:  6  Best params:  {'best_k': 1}  Lowest Error:  0.08361981722317315  Testing Error:  0.0840983153874972
Trial:  7  Best params:  {'best_k': 1}  Lowest Error:  0.057482451573443706  Testing Error:  0.06769959150370661
Trial:  8  Best params:  {'best_k': 1}  Lowest Error:  0.060454597716292316  Testing Error:  0.04364949583394649
Trial:  9  Best params:  {'best_k': 1}  Lowest Error:  0.07120566163164599  Testing Error:  0.08799384345280113
Noise level:  0.1 Lowest CV error:  0.057476696636401516 Training error:  0.05495032014485622 Testing error:  0.06175651676508611
Done!
Results are saved in:  ./memory/Baseline_BOMP_300_500_1020_nr_0718_0718-214814.pkl
