Running trials for n = 600, p = 1000, m = 20
Cross validating alpha under noise level:  0
Trial:  0  Best params:  {'K': 25, 'N_bag': 25, 'atom_bag_percent': 0.8, 'select_atom_percent': 0, 'signal_bag_percent': 0.7}  Lowest Error:  5.6182412450454194e-33
Trial:  1  Best params:  {'K': 25, 'N_bag': 25, 'atom_bag_percent': 0.6, 'select_atom_percent': 0, 'signal_bag_percent': 0.4}  Lowest Error:  2.7006419256516558e-33
Trial:  2  Best params:  {'K': 25, 'N_bag': 50, 'atom_bag_percent': 0.8, 'select_atom_percent': 0, 'signal_bag_percent': 0.3}  Lowest Error:  3.3719991979482406e-33
Trial:  3  Best params:  {'K': 25, 'N_bag': 70, 'atom_bag_percent': 0.8, 'select_atom_percent': 0, 'signal_bag_percent': 0.4}  Lowest Error:  3.97287901094045e-33
Trial:  4  Best params:  {'K': 25, 'N_bag': 25, 'atom_bag_percent': 0.7, 'select_atom_percent': 0, 'signal_bag_percent': 0.4}  Lowest Error:  2.546493634668694e-33
Cross validating alpha under noise level:  0.1
Trial:  0  Best params:  {'K': 21, 'N_bag': 70, 'atom_bag_percent': 0.8, 'select_atom_percent': 0, 'signal_bag_percent': 0.8}  Lowest Error:  0.012144775908914995
Trial:  1  Best params:  {'K': 17, 'N_bag': 70, 'atom_bag_percent': 0.7, 'select_atom_percent': 0, 'signal_bag_percent': 0.8}  Lowest Error:  0.010047515742794591
Trial:  2  Best params:  {'K': 25, 'N_bag': 70, 'atom_bag_percent': 0.6, 'select_atom_percent': 0, 'signal_bag_percent': 0.8}  Lowest Error:  0.011540132878608184
Trial:  3  Best params:  {'K': 29, 'N_bag': 70, 'atom_bag_percent': 0.4, 'select_atom_percent': 0, 'signal_bag_percent': 0.8}  Lowest Error:  0.011874213533537062
Trial:  4  Best params:  {'K': 25, 'N_bag': 25, 'atom_bag_percent': 0.5, 'select_atom_percent': 0, 'signal_bag_percent': 0.8}  Lowest Error:  0.011241287551255369
Cross validating alpha under noise level:  0.2
Trial:  0  Best params:  {'K': 25, 'N_bag': 50, 'atom_bag_percent': 0.5, 'select_atom_percent': 0, 'signal_bag_percent': 0.8}  Lowest Error:  0.04770351846121731
Trial:  1  Best params:  {'K': 17, 'N_bag': 50, 'atom_bag_percent': 0.4, 'select_atom_percent': 0, 'signal_bag_percent': 0.8}  Lowest Error:  0.041978280469108065
Trial:  2  Best params:  {'K': 25, 'N_bag': 70, 'atom_bag_percent': 0.4, 'select_atom_percent': 0, 'signal_bag_percent': 0.7}  Lowest Error:  0.04613192642542306
Trial:  3  Best params:  {'K': 17, 'N_bag': 70, 'atom_bag_percent': 0.7, 'select_atom_percent': 0, 'signal_bag_percent': 0.8}  Lowest Error:  0.049186844589848996
Trial:  4  Best params:  {'K': 25, 'N_bag': 25, 'atom_bag_percent': 0.5, 'select_atom_percent': 0, 'signal_bag_percent': 0.8}  Lowest Error:  0.04665951644265365
Cross validating alpha under noise level:  0.3
Trial:  0  Best params:  {'K': 17, 'N_bag': 50, 'atom_bag_percent': 0.7, 'select_atom_percent': 0, 'signal_bag_percent': 0.8}  Lowest Error:  0.10730013189630203
Trial:  1  Best params:  {'K': 17, 'N_bag': 70, 'atom_bag_percent': 0.1, 'select_atom_percent': 0, 'signal_bag_percent': 0.8}  Lowest Error:  0.0929307597121726
Trial:  2  Best params:  {'K': 17, 'N_bag': 25, 'atom_bag_percent': 0.3, 'select_atom_percent': 0, 'signal_bag_percent': 0.8}  Lowest Error:  0.1004803535838756
Trial:  3  Best params:  {'K': 9, 'N_bag': 70, 'atom_bag_percent': 0.6, 'select_atom_percent': 0, 'signal_bag_percent': 0.8}  Lowest Error:  0.10720783609933568
Trial:  4  Best params:  {'K': 21, 'N_bag': 70, 'atom_bag_percent': 0.5, 'select_atom_percent': 0, 'signal_bag_percent': 0.8}  Lowest Error:  0.10371342988315138
Cross validating alpha under noise level:  0.4
Trial:  0  Best params:  {'K': 25, 'N_bag': 50, 'atom_bag_percent': 0.3, 'select_atom_percent': 0, 'signal_bag_percent': 0.8}  Lowest Error:  0.19044379343278797
Trial:  1  Best params:  {'K': 17, 'N_bag': 70, 'atom_bag_percent': 0.1, 'select_atom_percent': 0, 'signal_bag_percent': 0.8}  Lowest Error:  0.16183113105203598
Trial:  2  Best params:  {'K': 21, 'N_bag': 25, 'atom_bag_percent': 0.5, 'select_atom_percent': 0, 'signal_bag_percent': 0.7}  Lowest Error:  0.1767003073254479
Trial:  3  Best params:  {'K': 9, 'N_bag': 50, 'atom_bag_percent': 0.5, 'select_atom_percent': 0, 'signal_bag_percent': 0.7}  Lowest Error:  0.18198476915047207
Trial:  4  Best params:  {'K': 5, 'N_bag': 25, 'atom_bag_percent': 0.8, 'select_atom_percent': 0, 'signal_bag_percent': 0.8}  Lowest Error:  0.17848695609717985
Cross validating alpha under noise level:  0.5
Trial:  0  Best params:  {'K': 13, 'N_bag': 25, 'atom_bag_percent': 0.8, 'select_atom_percent': 0, 'signal_bag_percent': 0.8}  Lowest Error:  0.29183996099084336
Trial:  1  Best params:  {'K': 5, 'N_bag': 70, 'atom_bag_percent': 0.2, 'select_atom_percent': 0, 'signal_bag_percent': 0.8}  Lowest Error:  0.24935314766348982
Trial:  2  Best params:  {'K': 9, 'N_bag': 10, 'atom_bag_percent': 0.4, 'select_atom_percent': 0, 'signal_bag_percent': 0.7}  Lowest Error:  0.27512453902448997
Trial:  3  Best params:  {'K': 21, 'N_bag': 25, 'atom_bag_percent': 0.1, 'select_atom_percent': 0, 'signal_bag_percent': 0.4}  Lowest Error:  0.2746836060693513
Trial:  4  Best params:  {'K': 5, 'N_bag': 25, 'atom_bag_percent': 0.7, 'select_atom_percent': 0, 'signal_bag_percent': 0.8}  Lowest Error:  0.2724490288328401
Done!
Results are saved in:  ./memory/bomp_1000_600_20_Jul320230703-103442.pkl
