Cross validating K under noise level:  0.02
Trial:  0  Best K:  17  Lowest Error:  0.0004797926292080734
Trial:  1  Best K:  21  Lowest Error:  0.00043174239054082
Trial:  2  Best K:  18  Lowest Error:  0.0004977894839637818
Trial:  3  Best K:  20  Lowest Error:  0.00045517501701809157
Trial:  4  Best K:  19  Lowest Error:  0.0004637522177121314
Trial:  5  Best K:  19  Lowest Error:  0.00043416048054938555
Trial:  6  Best K:  18  Lowest Error:  0.000495720714845233
Trial:  7  Best K:  24  Lowest Error:  0.0005476694966857704
Trial:  8  Best K:  22  Lowest Error:  0.000459131926601499
Trial:  9  Best K:  25  Lowest Error:  0.0004675741895430999
Trial:  10  Best K:  13  Lowest Error:  0.00042251296611514074
Trial:  11  Best K:  18  Lowest Error:  0.000409429490195728
Trial:  12  Best K:  18  Lowest Error:  0.00047648139362310943
Trial:  13  Best K:  23  Lowest Error:  0.00046980018099458936
Trial:  14  Best K:  21  Lowest Error:  0.0005035470348491818
Trial:  15  Best K:  17  Lowest Error:  0.0004588467183243546
Trial:  16  Best K:  19  Lowest Error:  0.0004244630094731859
Trial:  17  Best K:  24  Lowest Error:  0.0005062371452936203
Trial:  18  Best K:  27  Lowest Error:  0.0004470703405474595
Trial:  19  Best K:  27  Lowest Error:  0.0004909047060743613
Average best K for noise level:  0.02  is:  20.5  with MSE:  0.0004670900766079308
Cross validating K under noise level:  0.04
Trial:  0  Best K:  20  Lowest Error:  0.0019390805540559814
Trial:  1  Best K:  18  Lowest Error:  0.001690143563034805
Trial:  2  Best K:  21  Lowest Error:  0.0019952969693647882
Trial:  3  Best K:  20  Lowest Error:  0.0018207000680723674
Trial:  4  Best K:  15  Lowest Error:  0.0018258746486551282
Trial:  5  Best K:  18  Lowest Error:  0.0017076031094234365
Trial:  6  Best K:  24  Lowest Error:  0.002012434702496297
Trial:  7  Best K:  18  Lowest Error:  0.0021757643285889193
Trial:  8  Best K:  16  Lowest Error:  0.0018553399550692209
Trial:  9  Best K:  17  Lowest Error:  0.0018959374587421162
Trial:  10  Best K:  13  Lowest Error:  0.0017043950938978466
Trial:  11  Best K:  18  Lowest Error:  0.0017476254976654202
Trial:  12  Best K:  19  Lowest Error:  0.0018811043884254732
Trial:  13  Best K:  17  Lowest Error:  0.0018841141397793783
Trial:  14  Best K:  18  Lowest Error:  0.001935833790927878
Trial:  15  Best K:  15  Lowest Error:  0.0017239454617211131
Trial:  16  Best K:  16  Lowest Error:  0.0017164332445273357
Trial:  17  Best K:  19  Lowest Error:  0.0020744700482969447
Trial:  18  Best K:  18  Lowest Error:  0.0017286482402771336
Trial:  19  Best K:  17  Lowest Error:  0.00195594443684135
Average best K for noise level:  0.04  is:  17.85  with MSE:  0.0018635344849931468
Cross validating K under noise level:  0.06
Trial:  0  Best K:  25  Lowest Error:  0.0042882171961153475
Trial:  1  Best K:  15  Lowest Error:  0.00388654098271341
Trial:  2  Best K:  17  Lowest Error:  0.004450280269385917
Trial:  3  Best K:  19  Lowest Error:  0.0043020375054549495
Trial:  4  Best K:  15  Lowest Error:  0.003983996558075848
Trial:  5  Best K:  12  Lowest Error:  0.0037100005592556793
Trial:  6  Best K:  16  Lowest Error:  0.004500783228538442
Trial:  7  Best K:  18  Lowest Error:  0.0047682800975745706
Trial:  8  Best K:  18  Lowest Error:  0.004096118466386011
Trial:  9  Best K:  16  Lowest Error:  0.004109519800506929
Trial:  10  Best K:  31  Lowest Error:  0.0037947625418247788
Trial:  11  Best K:  16  Lowest Error:  0.0038257021445929087
Trial:  12  Best K:  19  Lowest Error:  0.004178458887880959
Trial:  13  Best K:  15  Lowest Error:  0.004244617273946672
Trial:  14  Best K:  16  Lowest Error:  0.0042647449802481665
Trial:  15  Best K:  18  Lowest Error:  0.0037684435167979536
Trial:  16  Best K:  14  Lowest Error:  0.003897343328390073
Trial:  17  Best K:  16  Lowest Error:  0.0043881402605853055
Trial:  18  Best K:  17  Lowest Error:  0.00386845304761849
Trial:  19  Best K:  27  Lowest Error:  0.0043869819584030694
Average best K for noise level:  0.06  is:  18.0  with MSE:  0.0041356711302147735
Cross validating K under noise level:  0.08
Trial:  0  Best K:  15  Lowest Error:  0.007777841288739813
Trial:  1  Best K:  16  Lowest Error:  0.0067887383283521925
Trial:  2  Best K:  21  Lowest Error:  0.007659444828916434
Trial:  3  Best K:  21  Lowest Error:  0.007383314348655555
Trial:  4  Best K:  15  Lowest Error:  0.00708004331161328
Trial:  5  Best K:  15  Lowest Error:  0.006748348367046337
Trial:  6  Best K:  26  Lowest Error:  0.007961364869838321
Trial:  7  Best K:  21  Lowest Error:  0.00853378545792971
Trial:  8  Best K:  23  Lowest Error:  0.00727535629996068
Trial:  9  Best K:  16  Lowest Error:  0.007238397804558023
Trial:  10  Best K:  14  Lowest Error:  0.0065475057892420765
Trial:  11  Best K:  14  Lowest Error:  0.006804039513706746
Trial:  12  Best K:  17  Lowest Error:  0.0074098944810894185
Trial:  13  Best K:  22  Lowest Error:  0.007459865865720632
Trial:  14  Best K:  14  Lowest Error:  0.007465966274608325
Trial:  15  Best K:  19  Lowest Error:  0.006714163419695637
Trial:  16  Best K:  13  Lowest Error:  0.006852647915524783
Trial:  17  Best K:  12  Lowest Error:  0.007826588719366041
Trial:  18  Best K:  17  Lowest Error:  0.006787648806485571
Trial:  19  Best K:  16  Lowest Error:  0.007639070594723839
Average best K for noise level:  0.08  is:  17.35  with MSE:  0.0072977013142886725
Cross validating K under noise level:  0.1
Trial:  0  Best K:  15  Lowest Error:  0.012309708793103665
Trial:  1  Best K:  15  Lowest Error:  0.010269019305653711
Trial:  2  Best K:  11  Lowest Error:  0.01172909073865771
Trial:  3  Best K:  17  Lowest Error:  0.011468669157590709
Trial:  4  Best K:  18  Lowest Error:  0.011338597982655003
Trial:  5  Best K:  10  Lowest Error:  0.010829532851079389
Trial:  6  Best K:  15  Lowest Error:  0.012523729475764467
Trial:  7  Best K:  18  Lowest Error:  0.013229542729363677
Trial:  8  Best K:  13  Lowest Error:  0.011542461985483334
Trial:  9  Best K:  11  Lowest Error:  0.011312314393323248
Trial:  10  Best K:  13  Lowest Error:  0.009909713462332232
Trial:  11  Best K:  14  Lowest Error:  0.010596852743006674
Trial:  12  Best K:  19  Lowest Error:  0.011811868806589142
Trial:  13  Best K:  19  Lowest Error:  0.011453123769341034
Trial:  14  Best K:  18  Lowest Error:  0.011762525063474489
Trial:  15  Best K:  16  Lowest Error:  0.010922227216786463
Trial:  16  Best K:  13  Lowest Error:  0.010607428437467621
Trial:  17  Best K:  15  Lowest Error:  0.012087202457520178
Trial:  18  Best K:  16  Lowest Error:  0.010893452852071472
Trial:  19  Best K:  13  Lowest Error:  0.01252000551628668
Average best K for noise level:  0.1  is:  14.95  with MSE:  0.011455853386877544
Cross validating K under noise level:  0.12
Trial:  0  Best K:  16  Lowest Error:  0.017190894877299034
Trial:  1  Best K:  12  Lowest Error:  0.014507769909449377
Trial:  2  Best K:  11  Lowest Error:  0.01664870324593162
Trial:  3  Best K:  24  Lowest Error:  0.016933905326883034
Trial:  4  Best K:  13  Lowest Error:  0.015973544724897017
Trial:  5  Best K:  10  Lowest Error:  0.015779020869461553
Trial:  6  Best K:  13  Lowest Error:  0.017997901706808185
Trial:  7  Best K:  10  Lowest Error:  0.019565864009518992
Trial:  8  Best K:  12  Lowest Error:  0.016320884805074768
Trial:  9  Best K:  20  Lowest Error:  0.01640762770740845
Trial:  10  Best K:  11  Lowest Error:  0.014364031066614607
Trial:  11  Best K:  11  Lowest Error:  0.014829061097110973
Trial:  12  Best K:  19  Lowest Error:  0.016889763208896243
Trial:  13  Best K:  10  Lowest Error:  0.01662480422570909
Trial:  14  Best K:  15  Lowest Error:  0.015961616391704854
Trial:  15  Best K:  15  Lowest Error:  0.015100798634391066
Trial:  16  Best K:  14  Lowest Error:  0.015042995420332855
Trial:  17  Best K:  19  Lowest Error:  0.017093599946554495
Trial:  18  Best K:  11  Lowest Error:  0.01582230351181504
Trial:  19  Best K:  27  Lowest Error:  0.017816621488831452
Average best K for noise level:  0.12  is:  14.65  with MSE:  0.016343585608734636
Cross validating K under noise level:  0.14
Trial:  0  Best K:  15  Lowest Error:  0.023514788692370933
Trial:  1  Best K:  8  Lowest Error:  0.020191303620492044
Trial:  2  Best K:  9  Lowest Error:  0.022910022346853676
Trial:  3  Best K:  19  Lowest Error:  0.022721295519017054
Trial:  4  Best K:  18  Lowest Error:  0.022359579100739324
Trial:  5  Best K:  10  Lowest Error:  0.0212218190734764
Trial:  6  Best K:  9  Lowest Error:  0.02441291323585309
Trial:  7  Best K:  8  Lowest Error:  0.02579905606462602
Trial:  8  Best K:  10  Lowest Error:  0.02231847378481717
Trial:  9  Best K:  21  Lowest Error:  0.022021430139994372
Trial:  10  Best K:  7  Lowest Error:  0.01936505306736889
Trial:  11  Best K:  11  Lowest Error:  0.020779374985101125
Trial:  12  Best K:  17  Lowest Error:  0.022545904149712137
Trial:  13  Best K:  22  Lowest Error:  0.022680090869102245
Trial:  14  Best K:  14  Lowest Error:  0.022991069016719143
Trial:  15  Best K:  12  Lowest Error:  0.02093319138134084
Trial:  16  Best K:  15  Lowest Error:  0.02149733399637172
Trial:  17  Best K:  18  Lowest Error:  0.02330496161405421
Trial:  18  Best K:  17  Lowest Error:  0.020988762467549604
Trial:  19  Best K:  22  Lowest Error:  0.024674714653907474
Average best K for noise level:  0.14  is:  14.1  with MSE:  0.022361556888973375
Cross validating K under noise level:  0.16
Trial:  0  Best K:  10  Lowest Error:  0.030835512814061227
Trial:  1  Best K:  12  Lowest Error:  0.0256244105227457
Trial:  2  Best K:  9  Lowest Error:  0.029512271949151687
Trial:  3  Best K:  18  Lowest Error:  0.030788284714258013
Trial:  4  Best K:  15  Lowest Error:  0.029155311974169106
Trial:  5  Best K:  10  Lowest Error:  0.027519320598415394
Trial:  6  Best K:  12  Lowest Error:  0.030775077966234153
Trial:  7  Best K:  11  Lowest Error:  0.034315935132920375
Trial:  8  Best K:  10  Lowest Error:  0.029355502901358042
Trial:  9  Best K:  9  Lowest Error:  0.028039494538853783
Trial:  10  Best K:  11  Lowest Error:  0.025698721220782005
Trial:  11  Best K:  10  Lowest Error:  0.026805158563649668
Trial:  12  Best K:  16  Lowest Error:  0.029525281175798012
Trial:  13  Best K:  21  Lowest Error:  0.02937973364488126
Trial:  14  Best K:  10  Lowest Error:  0.031070854241437806
Trial:  15  Best K:  18  Lowest Error:  0.027665050354328202
Trial:  16  Best K:  18  Lowest Error:  0.027018213672218787
Trial:  17  Best K:  17  Lowest Error:  0.030854917309073287
Trial:  18  Best K:  13  Lowest Error:  0.027615991013684893
Trial:  19  Best K:  21  Lowest Error:  0.031147132492868778
Average best K for noise level:  0.16  is:  13.55  with MSE:  0.029135108840044516
Cross validating K under noise level:  0.18
Trial:  0  Best K:  14  Lowest Error:  0.03878335622005319
Trial:  1  Best K:  9  Lowest Error:  0.03200662552017051
Trial:  2  Best K:  8  Lowest Error:  0.03685030759202709
Trial:  3  Best K:  19  Lowest Error:  0.03955313507343493
Trial:  4  Best K:  11  Lowest Error:  0.03637894487802513
Trial:  5  Best K:  7  Lowest Error:  0.034521983782389874
Trial:  6  Best K:  4  Lowest Error:  0.03961260014342992
Trial:  7  Best K:  6  Lowest Error:  0.04321277987792889
Trial:  8  Best K:  12  Lowest Error:  0.036668644375503615
Trial:  9  Best K:  9  Lowest Error:  0.035348734875524514
Trial:  10  Best K:  8  Lowest Error:  0.03217943646219237
Trial:  11  Best K:  15  Lowest Error:  0.03452459143673427
Trial:  12  Best K:  12  Lowest Error:  0.037052636826687635
Trial:  13  Best K:  13  Lowest Error:  0.03778140027607582
Trial:  14  Best K:  7  Lowest Error:  0.03974931632124926
Trial:  15  Best K:  18  Lowest Error:  0.03529212327548158
Trial:  16  Best K:  11  Lowest Error:  0.03450806480495207
Trial:  17  Best K:  16  Lowest Error:  0.038228769518115865
Trial:  18  Best K:  11  Lowest Error:  0.03469520829036513
Trial:  19  Best K:  16  Lowest Error:  0.03872890710304069
Average best K for noise level:  0.18  is:  11.3  with MSE:  0.036783878332669113
Cross validating K under noise level:  0.2
Trial:  0  Best K:  6  Lowest Error:  0.047397085497079716
Trial:  1  Best K:  7  Lowest Error:  0.03941130408099637
Trial:  2  Best K:  9  Lowest Error:  0.045575037021344286
Trial:  3  Best K:  15  Lowest Error:  0.04915544298477956
Trial:  4  Best K:  11  Lowest Error:  0.044598372021064
Trial:  5  Best K:  16  Lowest Error:  0.04187194004825081
Trial:  6  Best K:  8  Lowest Error:  0.04727604242089682
Trial:  7  Best K:  11  Lowest Error:  0.05236481544354019
Trial:  8  Best K:  7  Lowest Error:  0.045682301132252814
Trial:  9  Best K:  8  Lowest Error:  0.04440406072561627
Trial:  10  Best K:  7  Lowest Error:  0.039598696010468316
Trial:  11  Best K:  9  Lowest Error:  0.04193203729076211
Trial:  12  Best K:  14  Lowest Error:  0.045443294542471466
Trial:  13  Best K:  10  Lowest Error:  0.046040048191754904
Trial:  14  Best K:  9  Lowest Error:  0.049424111876496375
Trial:  15  Best K:  11  Lowest Error:  0.04337852991918861
Trial:  16  Best K:  10  Lowest Error:  0.04274836577800628
Trial:  17  Best K:  7  Lowest Error:  0.04780578365334769
Trial:  18  Best K:  15  Lowest Error:  0.04297470468800432
Trial:  19  Best K:  16  Lowest Error:  0.049511078007710464
Average best K for noise level:  0.2  is:  10.3  with MSE:  0.04532965256670157
Finished!
Log file saved to:  ./memory/OMPtest_002_01.pkl.pkl
